Using pre-set license
Built from '2020.3/release' branch; Version is '2020.3.2f1 (8fd9074bf66c) revision 9427207'; Using compiler version '192528614'; Build Type 'Release'
OS: 'Windows 10 Pro; OS build 19042.867; Version 2009; 64bit' Language: 'en' Physical Memory: 32665 MB
BatchMode: 1, IsHumanControllingUs: 0, StartBugReporterOnCrash: 0, Is64bit: 1, IsPro: 0

 COMMAND LINE ARGUMENTS:
C:\Program Files\Unity\Hub\Editor\2020.3.2f1\Editor\Unity.exe
-adb2
-batchMode
-noUpm
-name
AssetImportWorker0
-projectPath
C:/Users/popan/Documents/GitHub/ApocalypseWizard
-logFile
Logs/AssetImportWorker0.log
-srvPort
53947
Successfully changed project path to: C:/Users/popan/Documents/GitHub/ApocalypseWizard
C:/Users/popan/Documents/GitHub/ApocalypseWizard
Using Asset Import Pipeline V2.
Refreshing native plugins compatible for Editor in 20.83 ms, found 0 plugins.
Preloading 0 native plugins for Editor in 0.00 ms.
Initialize engine version: 2020.3.2f1 (8fd9074bf66c)
[Subsystems] Discovering subsystems at path C:/Program Files/Unity/Hub/Editor/2020.3.2f1/Editor/Data/Resources/UnitySubsystems
[Subsystems] Discovering subsystems at path C:/Users/popan/Documents/GitHub/ApocalypseWizard/Assets
GfxDevice: creating device client; threaded=0
Direct3D:
    Version:  Direct3D 11.0 [level 11.1]
    Renderer: NVIDIA GeForce GTX 1060 6GB (ID=0x1c03)
    Vendor:   
    VRAM:     6052 MB
    Driver:   27.21.14.6140
Initialize mono
Mono path[0] = 'C:/Program Files/Unity/Hub/Editor/2020.3.2f1/Editor/Data/Managed'
Mono path[1] = 'C:/Program Files/Unity/Hub/Editor/2020.3.2f1/Editor/Data/MonoBleedingEdge/lib/mono/unityjit'
Mono config path = 'C:/Program Files/Unity/Hub/Editor/2020.3.2f1/Editor/Data/MonoBleedingEdge/etc'
Using monoOptions --debugger-agent=transport=dt_socket,embedding=1,server=y,suspend=n,address=127.0.0.1:56248
Begin MonoManager ReloadAssembly
Registering precompiled unity dll's ...
Register platform support module: C:/Program Files/Unity/Hub/Editor/2020.3.2f1/Editor/Data/PlaybackEngines/WindowsStandaloneSupport/UnityEditor.WindowsStandalone.Extensions.dll
Registered in 0.001392 seconds.
Native extension for WindowsStandalone target not found
Refreshing native plugins compatible for Editor in 20.66 ms, found 0 plugins.
Preloading 0 native plugins for Editor in 0.00 ms.
Invoked RoslynAnalysisRunner static constructor.
RoslynAnalysisRunner will not be running.
RoslynAnalysisRunner has terminated.
Mono: successfully reloaded assembly
- Completed reload, in  0.875 seconds
Platform modules already initialized, skipping
Registering precompiled user dll's ...
Registered in 0.000479 seconds.
Begin MonoManager ReloadAssembly
Native extension for WindowsStandalone target not found
Refreshing native plugins compatible for Editor in 0.19 ms, found 0 plugins.
Preloading 0 native plugins for Editor in 0.00 ms.
Invoked RoslynAnalysisRunner static constructor.
RoslynAnalysisRunner will not be running.
RoslynAnalysisRunner has terminated.
Mono: successfully reloaded assembly
- Completed reload, in  0.701 seconds
Platform modules already initialized, skipping
========================================================================
Worker process is ready to serve import requests
Launched and connected shader compiler UnityShaderCompiler.exe after 0.03 seconds
Refreshing native plugins compatible for Editor in 0.19 ms, found 0 plugins.
Preloading 0 native plugins for Editor in 0.00 ms.
Unloading 1294 Unused Serialized files (Serialized files now loaded: 0)
System memory in use before: 84.0 MB.
System memory in use after: 84.1 MB.

Unloading 10 unused Assets to reduce memory usage. Loaded Objects now: 1760.
Total: 1.360900 ms (FindLiveObjects: 0.128700 ms CreateObjectMapping: 0.040400 ms MarkObjects: 1.124400 ms  DeleteObjects: 0.066800 ms)

========================================================================
Received Import Request.
  path: Assets/Textures/White_64x64_Circle.png
  artifactKey: Guid(833e3b0145ea5d44390f46d9bfd8caf4) Importer(815301076,1909f56bfc062723c751e8b465ee728b)
Start importing Assets/Textures/White_64x64_Circle.png using Guid(833e3b0145ea5d44390f46d9bfd8caf4) Importer(815301076,1909f56bfc062723c751e8b465ee728b)  -> (artifact id: '06d25710f7d8967148a5f91c131fac03') in 0.114531 seconds
  Import took 0.116459 seconds .

========================================================================
Received Import Request.
  Time since last request: 37.273094 seconds.
  path: Assets/Textures/New Render Texture.renderTexture
  artifactKey: Guid(b9e7d40c864ca18448a52b135f3151af) Importer(815301076,1909f56bfc062723c751e8b465ee728b)
Start importing Assets/Textures/New Render Texture.renderTexture using Guid(b9e7d40c864ca18448a52b135f3151af) Importer(815301076,1909f56bfc062723c751e8b465ee728b)  -> (artifact id: '2a7e962e950fcadb814699c3c93b8bee') in 0.025047 seconds
  Import took 0.026933 seconds .

========================================================================
Received Import Request.
  Time since last request: 0.000909 seconds.
  path: Assets/Textures/New Render Texture.renderTexture
  artifactKey: Guid(b9e7d40c864ca18448a52b135f3151af) Importer(815301076,1909f56bfc062723c751e8b465ee728b)
Start importing Assets/Textures/New Render Texture.renderTexture using Guid(b9e7d40c864ca18448a52b135f3151af) Importer(815301076,1909f56bfc062723c751e8b465ee728b)  -> (artifact id: '2a7e962e950fcadb814699c3c93b8bee') in 0.004346 seconds
  Import took 0.006299 seconds .

========================================================================
Received Import Request.
  Time since last request: 841.793263 seconds.
  path: Assets/Prefabs/Bullet/Pfb.Bullet.prefab
  artifactKey: Guid(18e7c645b4437c0478d05a09344b712d) Importer(815301076,1909f56bfc062723c751e8b465ee728b)
Start importing Assets/Prefabs/Bullet/Pfb.Bullet.prefab using Guid(18e7c645b4437c0478d05a09344b712d) Importer(815301076,1909f56bfc062723c751e8b465ee728b)  -> (artifact id: '30bda6922313040dc9c5b50c873fa00a') in 0.034718 seconds
  Import took 0.037351 seconds .

========================================================================
Received Import Request.
  Time since last request: 0.014021 seconds.
  path: Assets/Prefabs/Bullet/Pfb.Bullet.prefab
  artifactKey: Guid(18e7c645b4437c0478d05a09344b712d) Importer(815301076,1909f56bfc062723c751e8b465ee728b)
Start importing Assets/Prefabs/Bullet/Pfb.Bullet.prefab using Guid(18e7c645b4437c0478d05a09344b712d) Importer(815301076,1909f56bfc062723c751e8b465ee728b)  -> (artifact id: '30bda6922313040dc9c5b50c873fa00a') in 0.005836 seconds
  Import took 0.007858 seconds .

========================================================================
Received Prepare
Registering precompiled user dll's ...
Registered in 0.000595 seconds.
Begin MonoManager ReloadAssembly
Native extension for WindowsStandalone target not found
Refreshing native plugins compatible for Editor in 0.22 ms, found 0 plugins.
Preloading 0 native plugins for Editor in 0.00 ms.
Invoked RoslynAnalysisRunner static constructor.
RoslynAnalysisRunner will not be running.
RoslynAnalysisRunner has terminated.
Mono: successfully reloaded assembly
- Completed reload, in  0.722 seconds
Platform modules already initialized, skipping
Refreshing native plugins compatible for Editor in 0.21 ms, found 0 plugins.
Preloading 0 native plugins for Editor in 0.00 ms.
Unloading 1274 Unused Serialized files (Serialized files now loaded: 0)
System memory in use before: 85.7 MB.
System memory in use after: 85.8 MB.

Unloading 6 unused Assets to reduce memory usage. Loaded Objects now: 1775.
Total: 1.367600 ms (FindLiveObjects: 0.128500 ms CreateObjectMapping: 0.040300 ms MarkObjects: 1.143900 ms  DeleteObjects: 0.054300 ms)

========================================================================
Received Import Request.
  Time since last request: 383.460286 seconds.
  path: Assets/Prefabs/Bullet/Pfb.Bullet.prefab
  artifactKey: Guid(18e7c645b4437c0478d05a09344b712d) Importer(815301076,1909f56bfc062723c751e8b465ee728b)
Start importing Assets/Prefabs/Bullet/Pfb.Bullet.prefab using Guid(18e7c645b4437c0478d05a09344b712d) Importer(815301076,1909f56bfc062723c751e8b465ee728b)  -> (artifact id: '6969912b47736253a623f048eaf5db41') in 0.048871 seconds
  Import took 0.051590 seconds .

========================================================================
Received Import Request.
  Time since last request: 0.020470 seconds.
  path: Assets/Prefabs/Bullet/Pfb.Bullet.prefab
  artifactKey: Guid(18e7c645b4437c0478d05a09344b712d) Importer(815301076,1909f56bfc062723c751e8b465ee728b)
Start importing Assets/Prefabs/Bullet/Pfb.Bullet.prefab using Guid(18e7c645b4437c0478d05a09344b712d) Importer(815301076,1909f56bfc062723c751e8b465ee728b)  -> (artifact id: '6969912b47736253a623f048eaf5db41') in 0.005139 seconds
  Import took 0.006988 seconds .

========================================================================
Received Prepare
Registering precompiled user dll's ...
Registered in 0.000514 seconds.
Begin MonoManager ReloadAssembly
Native extension for WindowsStandalone target not found
Refreshing native plugins compatible for Editor in 0.20 ms, found 0 plugins.
Preloading 0 native plugins for Editor in 0.00 ms.
Invoked RoslynAnalysisRunner static constructor.
RoslynAnalysisRunner will not be running.
RoslynAnalysisRunner has terminated.
Mono: successfully reloaded assembly
- Completed reload, in  0.650 seconds
Platform modules already initialized, skipping
Refreshing native plugins compatible for Editor in 0.20 ms, found 0 plugins.
Preloading 0 native plugins for Editor in 0.00 ms.
Unloading 1274 Unused Serialized files (Serialized files now loaded: 0)
System memory in use before: 85.8 MB.
System memory in use after: 85.9 MB.

Unloading 6 unused Assets to reduce memory usage. Loaded Objects now: 1779.
Total: 1.398500 ms (FindLiveObjects: 0.133200 ms CreateObjectMapping: 0.044600 ms MarkObjects: 1.161400 ms  DeleteObjects: 0.058500 ms)

========================================================================
Received Import Request.
  Time since last request: 4.252613 seconds.
  path: Assets/Prefabs/Bullet/Pfb.Bullet.prefab
  artifactKey: Guid(18e7c645b4437c0478d05a09344b712d) Importer(815301076,1909f56bfc062723c751e8b465ee728b)
Start importing Assets/Prefabs/Bullet/Pfb.Bullet.prefab using Guid(18e7c645b4437c0478d05a09344b712d) Importer(815301076,1909f56bfc062723c751e8b465ee728b)  -> (artifact id: '0b60192131419e6555f5163d4154901d') in 0.046013 seconds
  Import took 0.048066 seconds .

========================================================================
Received Import Request.
  Time since last request: 15.536039 seconds.
  path: Assets/Prefabs/Enemy/Enemy.prefab
  artifactKey: Guid(6ab04413d74982c4e9b12a8d8b4d95c4) Importer(815301076,1909f56bfc062723c751e8b465ee728b)
Start importing Assets/Prefabs/Enemy/Enemy.prefab using Guid(6ab04413d74982c4e9b12a8d8b4d95c4) Importer(815301076,1909f56bfc062723c751e8b465ee728b)  -> (artifact id: '14bd957fb2343d7ba3ea21d75b9b1cb2') in 0.009016 seconds
  Import took 0.010984 seconds .

========================================================================
Received Import Request.
  Time since last request: 0.001013 seconds.
  path: Assets/Prefabs/Enemy/Enemy.prefab
  artifactKey: Guid(6ab04413d74982c4e9b12a8d8b4d95c4) Importer(815301076,1909f56bfc062723c751e8b465ee728b)
Start importing Assets/Prefabs/Enemy/Enemy.prefab using Guid(6ab04413d74982c4e9b12a8d8b4d95c4) Importer(815301076,1909f56bfc062723c751e8b465ee728b)  -> (artifact id: '14bd957fb2343d7ba3ea21d75b9b1cb2') in 0.005883 seconds
  Import took 0.007740 seconds .

========================================================================
Received Prepare
Registering precompiled user dll's ...
Registered in 0.000510 seconds.
Begin MonoManager ReloadAssembly
Native extension for WindowsStandalone target not found
Refreshing native plugins compatible for Editor in 0.23 ms, found 0 plugins.
Preloading 0 native plugins for Editor in 0.00 ms.
Invoked RoslynAnalysisRunner static constructor.
RoslynAnalysisRunner will not be running.
RoslynAnalysisRunner has terminated.
Mono: successfully reloaded assembly
- Completed reload, in  0.762 seconds
Platform modules already initialized, skipping
Refreshing native plugins compatible for Editor in 0.27 ms, found 0 plugins.
Preloading 0 native plugins for Editor in 0.00 ms.
Unloading 1274 Unused Serialized files (Serialized files now loaded: 0)
System memory in use before: 85.8 MB.
System memory in use after: 85.9 MB.

Unloading 6 unused Assets to reduce memory usage. Loaded Objects now: 1783.
Total: 1.462600 ms (FindLiveObjects: 0.172900 ms CreateObjectMapping: 0.051700 ms MarkObjects: 1.169500 ms  DeleteObjects: 0.066800 ms)

========================================================================
Received Prepare
Registering precompiled user dll's ...
Registered in 0.000502 seconds.
Begin MonoManager ReloadAssembly
Native extension for WindowsStandalone target not found
Refreshing native plugins compatible for Editor in 0.41 ms, found 0 plugins.
Preloading 0 native plugins for Editor in 0.00 ms.
Invoked RoslynAnalysisRunner static constructor.
RoslynAnalysisRunner will not be running.
RoslynAnalysisRunner has terminated.
Mono: successfully reloaded assembly
- Completed reload, in  0.755 seconds
Platform modules already initialized, skipping
Refreshing native plugins compatible for Editor in 0.20 ms, found 0 plugins.
Preloading 0 native plugins for Editor in 0.00 ms.
Unloading 1275 Unused Serialized files (Serialized files now loaded: 0)
System memory in use before: 85.8 MB.
System memory in use after: 85.9 MB.

Unloading 6 unused Assets to reduce memory usage. Loaded Objects now: 1787.
Total: 1.443700 ms (FindLiveObjects: 0.156100 ms CreateObjectMapping: 0.044000 ms MarkObjects: 1.165200 ms  DeleteObjects: 0.076800 ms)

========================================================================
Received Prepare
Registering precompiled user dll's ...
Registered in 0.000512 seconds.
Begin MonoManager ReloadAssembly
Native extension for WindowsStandalone target not found
Refreshing native plugins compatible for Editor in 0.21 ms, found 0 plugins.
Preloading 0 native plugins for Editor in 0.00 ms.
Invoked RoslynAnalysisRunner static constructor.
RoslynAnalysisRunner will not be running.
RoslynAnalysisRunner has terminated.
Mono: successfully reloaded assembly
- Completed reload, in  0.671 seconds
Platform modules already initialized, skipping
Refreshing native plugins compatible for Editor in 0.21 ms, found 0 plugins.
Preloading 0 native plugins for Editor in 0.00 ms.
Unloading 1275 Unused Serialized files (Serialized files now loaded: 0)
System memory in use before: 85.8 MB.
System memory in use after: 85.9 MB.

Unloading 6 unused Assets to reduce memory usage. Loaded Objects now: 1790.
Total: 1.590600 ms (FindLiveObjects: 0.213500 ms CreateObjectMapping: 0.071300 ms MarkObjects: 1.242600 ms  DeleteObjects: 0.062300 ms)

========================================================================
Received Prepare
Registering precompiled user dll's ...
Registered in 0.000529 seconds.
Begin MonoManager ReloadAssembly
Native extension for WindowsStandalone target not found
Refreshing native plugins compatible for Editor in 0.24 ms, found 0 plugins.
Preloading 0 native plugins for Editor in 0.00 ms.
Invoked RoslynAnalysisRunner static constructor.
RoslynAnalysisRunner will not be running.
RoslynAnalysisRunner has terminated.
Mono: successfully reloaded assembly
- Completed reload, in  0.699 seconds
Platform modules already initialized, skipping
Refreshing native plugins compatible for Editor in 0.23 ms, found 0 plugins.
Preloading 0 native plugins for Editor in 0.00 ms.
Unloading 1275 Unused Serialized files (Serialized files now loaded: 0)
System memory in use before: 85.8 MB.
System memory in use after: 85.9 MB.

Unloading 6 unused Assets to reduce memory usage. Loaded Objects now: 1793.
Total: 1.427800 ms (FindLiveObjects: 0.149300 ms CreateObjectMapping: 0.043100 ms MarkObjects: 1.173200 ms  DeleteObjects: 0.060900 ms)

========================================================================
Received Prepare
Registering precompiled user dll's ...
Registered in 0.000548 seconds.
Begin MonoManager ReloadAssembly
Native extension for WindowsStandalone target not found
Refreshing native plugins compatible for Editor in 0.34 ms, found 0 plugins.
Preloading 0 native plugins for Editor in 0.00 ms.
Invoked RoslynAnalysisRunner static constructor.
RoslynAnalysisRunner will not be running.
RoslynAnalysisRunner has terminated.
Mono: successfully reloaded assembly
- Completed reload, in  0.701 seconds
Platform modules already initialized, skipping
Refreshing native plugins compatible for Editor in 0.22 ms, found 0 plugins.
Preloading 0 native plugins for Editor in 0.00 ms.
Unloading 1275 Unused Serialized files (Serialized files now loaded: 0)
System memory in use before: 85.9 MB.
System memory in use after: 85.9 MB.

Unloading 6 unused Assets to reduce memory usage. Loaded Objects now: 1796.
Total: 1.479800 ms (FindLiveObjects: 0.151300 ms CreateObjectMapping: 0.046200 ms MarkObjects: 1.219100 ms  DeleteObjects: 0.062200 ms)

========================================================================
Received Prepare
Registering precompiled user dll's ...
Registered in 0.000641 seconds.
Begin MonoManager ReloadAssembly
Native extension for WindowsStandalone target not found
Refreshing native plugins compatible for Editor in 0.22 ms, found 0 plugins.
Preloading 0 native plugins for Editor in 0.00 ms.
Invoked RoslynAnalysisRunner static constructor.
RoslynAnalysisRunner will not be running.
RoslynAnalysisRunner has terminated.
Mono: successfully reloaded assembly
- Completed reload, in  0.642 seconds
Platform modules already initialized, skipping
Refreshing native plugins compatible for Editor in 0.21 ms, found 0 plugins.
Preloading 0 native plugins for Editor in 0.00 ms.
Unloading 1275 Unused Serialized files (Serialized files now loaded: 0)
System memory in use before: 85.9 MB.
System memory in use after: 85.9 MB.

Unloading 6 unused Assets to reduce memory usage. Loaded Objects now: 1799.
Total: 1.664300 ms (FindLiveObjects: 0.158900 ms CreateObjectMapping: 0.057700 ms MarkObjects: 1.376200 ms  DeleteObjects: 0.070400 ms)

========================================================================
Received Prepare
Registering precompiled user dll's ...
Registered in 0.000528 seconds.
Begin MonoManager ReloadAssembly
Native extension for WindowsStandalone target not found
Refreshing native plugins compatible for Editor in 0.23 ms, found 0 plugins.
Preloading 0 native plugins for Editor in 0.00 ms.
Invoked RoslynAnalysisRunner static constructor.
RoslynAnalysisRunner will not be running.
RoslynAnalysisRunner has terminated.
Mono: successfully reloaded assembly
- Completed reload, in  0.712 seconds
Platform modules already initialized, skipping
Refreshing native plugins compatible for Editor in 0.20 ms, found 0 plugins.
Preloading 0 native plugins for Editor in 0.00 ms.
Unloading 1275 Unused Serialized files (Serialized files now loaded: 0)
System memory in use before: 85.9 MB.
System memory in use after: 85.9 MB.

Unloading 6 unused Assets to reduce memory usage. Loaded Objects now: 1802.
Total: 1.415400 ms (FindLiveObjects: 0.145100 ms CreateObjectMapping: 0.045700 ms MarkObjects: 1.165500 ms  DeleteObjects: 0.058300 ms)

========================================================================
Received Prepare
Registering precompiled user dll's ...
Registered in 0.000508 seconds.
Begin MonoManager ReloadAssembly
Native extension for WindowsStandalone target not found
Refreshing native plugins compatible for Editor in 0.34 ms, found 0 plugins.
Preloading 0 native plugins for Editor in 0.00 ms.
Invoked RoslynAnalysisRunner static constructor.
RoslynAnalysisRunner will not be running.
RoslynAnalysisRunner has terminated.
Mono: successfully reloaded assembly
- Completed reload, in  0.650 seconds
Platform modules already initialized, skipping
Refreshing native plugins compatible for Editor in 0.20 ms, found 0 plugins.
Preloading 0 native plugins for Editor in 0.00 ms.
Unloading 1275 Unused Serialized files (Serialized files now loaded: 0)
System memory in use before: 85.9 MB.
System memory in use after: 85.9 MB.

Unloading 6 unused Assets to reduce memory usage. Loaded Objects now: 1805.
Total: 1.424400 ms (FindLiveObjects: 0.138800 ms CreateObjectMapping: 0.047700 ms MarkObjects: 1.174800 ms  DeleteObjects: 0.062200 ms)

AssetImportWorkerClient::OnTransportError - code=2 error=End of file
