Using pre-set license
Built from '2020.3/release' branch; Version is '2020.3.2f1 (8fd9074bf66c) revision 9427207'; Using compiler version '192528614'; Build Type 'Release'
OS: 'Windows 10 Pro; OS build 19042.867; Version 2009; 64bit' Language: 'en' Physical Memory: 32665 MB
BatchMode: 1, IsHumanControllingUs: 0, StartBugReporterOnCrash: 0, Is64bit: 1, IsPro: 0

 COMMAND LINE ARGUMENTS:
C:\Program Files\Unity\Hub\Editor\2020.3.2f1\Editor\Unity.exe
-adb2
-batchMode
-noUpm
-name
AssetImportWorker1
-projectPath
C:/Users/popan/Documents/GitHub/ApocalypseWizard
-logFile
Logs/AssetImportWorker1.log
-srvPort
63480
Successfully changed project path to: C:/Users/popan/Documents/GitHub/ApocalypseWizard
C:/Users/popan/Documents/GitHub/ApocalypseWizard
Using Asset Import Pipeline V2.
Refreshing native plugins compatible for Editor in 19.49 ms, found 0 plugins.
Preloading 0 native plugins for Editor in 0.00 ms.
Initialize engine version: 2020.3.2f1 (8fd9074bf66c)
[Subsystems] Discovering subsystems at path C:/Program Files/Unity/Hub/Editor/2020.3.2f1/Editor/Data/Resources/UnitySubsystems
[Subsystems] Discovering subsystems at path C:/Users/popan/Documents/GitHub/ApocalypseWizard/Assets
GfxDevice: creating device client; threaded=0
Direct3D:
    Version:  Direct3D 11.0 [level 11.1]
    Renderer: NVIDIA GeForce GTX 1060 6GB (ID=0x1c03)
    Vendor:   
    VRAM:     6052 MB
    Driver:   27.21.14.6140
Initialize mono
Mono path[0] = 'C:/Program Files/Unity/Hub/Editor/2020.3.2f1/Editor/Data/Managed'
Mono path[1] = 'C:/Program Files/Unity/Hub/Editor/2020.3.2f1/Editor/Data/MonoBleedingEdge/lib/mono/unityjit'
Mono config path = 'C:/Program Files/Unity/Hub/Editor/2020.3.2f1/Editor/Data/MonoBleedingEdge/etc'
Using monoOptions --debugger-agent=transport=dt_socket,embedding=1,server=y,suspend=n,address=127.0.0.1:56756
Begin MonoManager ReloadAssembly
Registering precompiled unity dll's ...
Register platform support module: C:/Program Files/Unity/Hub/Editor/2020.3.2f1/Editor/Data/PlaybackEngines/WindowsStandaloneSupport/UnityEditor.WindowsStandalone.Extensions.dll
Registered in 0.001344 seconds.
Native extension for WindowsStandalone target not found
Refreshing native plugins compatible for Editor in 20.64 ms, found 0 plugins.
Preloading 0 native plugins for Editor in 0.00 ms.
Invoked RoslynAnalysisRunner static constructor.
RoslynAnalysisRunner will not be running.
RoslynAnalysisRunner has terminated.
Mono: successfully reloaded assembly
- Completed reload, in  1.974 seconds
Platform modules already initialized, skipping
Registering precompiled user dll's ...
Registered in 0.000508 seconds.
Begin MonoManager ReloadAssembly
Native extension for WindowsStandalone target not found
Refreshing native plugins compatible for Editor in 0.21 ms, found 0 plugins.
Preloading 0 native plugins for Editor in 0.00 ms.
Invoked RoslynAnalysisRunner static constructor.
RoslynAnalysisRunner will not be running.
RoslynAnalysisRunner has terminated.
Mono: successfully reloaded assembly
- Completed reload, in  0.725 seconds
Platform modules already initialized, skipping
========================================================================
Worker process is ready to serve import requests
Launched and connected shader compiler UnityShaderCompiler.exe after 0.07 seconds
Refreshing native plugins compatible for Editor in 0.33 ms, found 0 plugins.
Preloading 0 native plugins for Editor in 0.00 ms.
Unloading 1290 Unused Serialized files (Serialized files now loaded: 0)
System memory in use before: 83.9 MB.
System memory in use after: 84.0 MB.

Unloading 10 unused Assets to reduce memory usage. Loaded Objects now: 1756.
Total: 1.583600 ms (FindLiveObjects: 0.239900 ms CreateObjectMapping: 0.100500 ms MarkObjects: 1.176000 ms  DeleteObjects: 0.066200 ms)

========================================================================
Received Import Request.
  path: Assets/Prefabs/Bullet/Pfb.Bullet.prefab
  artifactKey: Guid(18e7c645b4437c0478d05a09344b712d) Importer(815301076,1909f56bfc062723c751e8b465ee728b)
Start importing Assets/Prefabs/Bullet/Pfb.Bullet.prefab using Guid(18e7c645b4437c0478d05a09344b712d) Importer(815301076,1909f56bfc062723c751e8b465ee728b)  -> (artifact id: 'f0adc79a0ef7dfcf4eaa479928d802fd') in 0.161807 seconds
  Import took 0.164611 seconds .

========================================================================
Received Import Request.
  Time since last request: 0.031837 seconds.
  path: Assets/Prefabs/Bullet/Pfb.Bullet.prefab
  artifactKey: Guid(18e7c645b4437c0478d05a09344b712d) Importer(815301076,1909f56bfc062723c751e8b465ee728b)
Start importing Assets/Prefabs/Bullet/Pfb.Bullet.prefab using Guid(18e7c645b4437c0478d05a09344b712d) Importer(815301076,1909f56bfc062723c751e8b465ee728b)  -> (artifact id: 'f0adc79a0ef7dfcf4eaa479928d802fd') in 0.008503 seconds
  Import took 0.010892 seconds .

========================================================================
Received Prepare
Refreshing native plugins compatible for Editor in 0.59 ms, found 0 plugins.
Preloading 0 native plugins for Editor in 0.00 ms.
Unloading 4 Unused Serialized files (Serialized files now loaded: 0)
System memory in use before: 60.4 MB.
System memory in use after: 60.5 MB.

Unloading 3 unused Assets to reduce memory usage. Loaded Objects now: 1764.
Total: 2.302200 ms (FindLiveObjects: 0.240100 ms CreateObjectMapping: 0.101800 ms MarkObjects: 1.899900 ms  DeleteObjects: 0.059000 ms)

========================================================================
Received Prepare
Registering precompiled user dll's ...
Registered in 0.000557 seconds.
Begin MonoManager ReloadAssembly
Native extension for WindowsStandalone target not found
Refreshing native plugins compatible for Editor in 0.21 ms, found 0 plugins.
Preloading 0 native plugins for Editor in 0.00 ms.
Invoked RoslynAnalysisRunner static constructor.
RoslynAnalysisRunner will not be running.
RoslynAnalysisRunner has terminated.
Mono: successfully reloaded assembly
- Completed reload, in  0.663 seconds
Platform modules already initialized, skipping
Refreshing native plugins compatible for Editor in 0.27 ms, found 0 plugins.
Preloading 0 native plugins for Editor in 0.00 ms.
Unloading 1271 Unused Serialized files (Serialized files now loaded: 0)
System memory in use before: 85.6 MB.
System memory in use after: 85.7 MB.

Unloading 6 unused Assets to reduce memory usage. Loaded Objects now: 1767.
Total: 1.422200 ms (FindLiveObjects: 0.157800 ms CreateObjectMapping: 0.049000 ms MarkObjects: 1.156800 ms  DeleteObjects: 0.057500 ms)

========================================================================
Received Prepare
Registering precompiled user dll's ...
Registered in 0.000498 seconds.
Begin MonoManager ReloadAssembly
Native extension for WindowsStandalone target not found
Refreshing native plugins compatible for Editor in 0.27 ms, found 0 plugins.
Preloading 0 native plugins for Editor in 0.00 ms.
Invoked RoslynAnalysisRunner static constructor.
RoslynAnalysisRunner will not be running.
RoslynAnalysisRunner has terminated.
Mono: successfully reloaded assembly
- Completed reload, in  0.683 seconds
Platform modules already initialized, skipping
Refreshing native plugins compatible for Editor in 0.21 ms, found 0 plugins.
Preloading 0 native plugins for Editor in 0.00 ms.
Unloading 1272 Unused Serialized files (Serialized files now loaded: 0)
System memory in use before: 85.6 MB.
System memory in use after: 85.7 MB.

Unloading 6 unused Assets to reduce memory usage. Loaded Objects now: 1771.
Total: 1.525500 ms (FindLiveObjects: 0.181800 ms CreateObjectMapping: 0.068400 ms MarkObjects: 1.209300 ms  DeleteObjects: 0.064600 ms)

========================================================================
Received Import Request.
  Time since last request: 211.152730 seconds.
  path: Assets/Prefabs/Bullet/Pfb.Bullet.prefab
  artifactKey: Guid(18e7c645b4437c0478d05a09344b712d) Importer(815301076,1909f56bfc062723c751e8b465ee728b)
Start importing Assets/Prefabs/Bullet/Pfb.Bullet.prefab using Guid(18e7c645b4437c0478d05a09344b712d) Importer(815301076,1909f56bfc062723c751e8b465ee728b)  -> (artifact id: 'b1f2af0206246704cd85bc0af0bdd451') in 0.045412 seconds
  Import took 0.047634 seconds .

========================================================================
Received Import Request.
  Time since last request: 14.992590 seconds.
  path: Assets/Prefabs/Bullet/Pfb.Bullet.prefab
  artifactKey: Guid(18e7c645b4437c0478d05a09344b712d) Importer(815301076,1909f56bfc062723c751e8b465ee728b)
Start importing Assets/Prefabs/Bullet/Pfb.Bullet.prefab using Guid(18e7c645b4437c0478d05a09344b712d) Importer(815301076,1909f56bfc062723c751e8b465ee728b)  -> (artifact id: '7b810aced749e87f30dfdc9fcad55b0e') in 0.006519 seconds
  Import took 0.008868 seconds .

========================================================================
Received Import Request.
  Time since last request: 9.276568 seconds.
  path: Assets/Prefabs/Bullet/Pfb.Bullet.prefab
  artifactKey: Guid(18e7c645b4437c0478d05a09344b712d) Importer(815301076,1909f56bfc062723c751e8b465ee728b)
Start importing Assets/Prefabs/Bullet/Pfb.Bullet.prefab using Guid(18e7c645b4437c0478d05a09344b712d) Importer(815301076,1909f56bfc062723c751e8b465ee728b)  -> (artifact id: '61308231c4e9b7155965544defd8ae6a') in 0.006467 seconds
  Import took 0.008635 seconds .

========================================================================
Received Import Request.
  Time since last request: 1.815147 seconds.
  path: Assets/Prefabs/Bullet/Pfb.Bullet.prefab
  artifactKey: Guid(18e7c645b4437c0478d05a09344b712d) Importer(815301076,1909f56bfc062723c751e8b465ee728b)
Start importing Assets/Prefabs/Bullet/Pfb.Bullet.prefab using Guid(18e7c645b4437c0478d05a09344b712d) Importer(815301076,1909f56bfc062723c751e8b465ee728b)  -> (artifact id: 'be28d2bbd81e991d381e3a41d9e80a28') in 0.005320 seconds
  Import took 0.007126 seconds .

========================================================================
Received Import Request.
  Time since last request: 4.266554 seconds.
  path: Assets/Prefabs/Bullet/Pfb.Bullet.prefab
  artifactKey: Guid(18e7c645b4437c0478d05a09344b712d) Importer(815301076,1909f56bfc062723c751e8b465ee728b)
Start importing Assets/Prefabs/Bullet/Pfb.Bullet.prefab using Guid(18e7c645b4437c0478d05a09344b712d) Importer(815301076,1909f56bfc062723c751e8b465ee728b)  -> (artifact id: 'c9658a72807babbab39d5e0a7fa91eb9') in 0.006417 seconds
  Import took 0.008468 seconds .

========================================================================
Received Prepare
Registering precompiled user dll's ...
Registered in 0.000472 seconds.
Begin MonoManager ReloadAssembly
Native extension for WindowsStandalone target not found
Refreshing native plugins compatible for Editor in 0.20 ms, found 0 plugins.
Preloading 0 native plugins for Editor in 0.00 ms.
Invoked RoslynAnalysisRunner static constructor.
RoslynAnalysisRunner will not be running.
RoslynAnalysisRunner has terminated.
Mono: successfully reloaded assembly
- Completed reload, in  0.627 seconds
Platform modules already initialized, skipping
Refreshing native plugins compatible for Editor in 0.20 ms, found 0 plugins.
Preloading 0 native plugins for Editor in 0.00 ms.
Unloading 1272 Unused Serialized files (Serialized files now loaded: 0)
System memory in use before: 85.7 MB.
System memory in use after: 85.7 MB.

Unloading 6 unused Assets to reduce memory usage. Loaded Objects now: 1775.
Total: 1.455500 ms (FindLiveObjects: 0.126700 ms CreateObjectMapping: 0.035700 ms MarkObjects: 1.234400 ms  DeleteObjects: 0.058000 ms)

